<?xml version="1.0" encoding="UTF-8"?>
<!-- Generated by org.testng.reporters.JUnitReportReporter -->
<testsuite hostname="LAPTOP-TC3JOF38" failures="0" tests="1" name="TestNGDemo.CheckValue" time="17.764" errors="0" timestamp="2022-12-11T20:39:24 IST" skipped="0">
  <testcase classname="TestNGDemo.CheckValue" name="Demo" time="17.764"/>
  <system-out/>
</testsuite> <!-- TestNGDemo.CheckValue -->
