<?xml version="1.0" encoding="UTF-8"?>
<!-- Generated by org.testng.reporters.JUnitReportReporter -->
<testsuite skipped="0" hostname="LAPTOP-TC3JOF38" name="Annotation.AnnotationDemo" tests="3" failures="0" timestamp="2023-03-28T19:23:10 IST" time="0.028" errors="0">
  <testcase name="setupDemo2" time="0.001" classname="Annotation.AnnotationDemo"/>
  <system-out/>
  <testcase name="setupDemo" time="0.015" classname="Annotation.AnnotationDemo"/>
  <system-out/>
  <testcase name="setupDemo3" time="0.012" classname="Annotation.AnnotationDemo"/>
  <system-out/>
</testsuite> <!-- Annotation.AnnotationDemo -->
