<?xml version="1.0" encoding="UTF-8"?>
<!-- Generated by org.testng.reporters.JUnitReportReporter -->
<testsuite hostname="LAPTOP-TC3JOF38" failures="0" tests="1" name="Annotation.Before_Test_After_Test" time="0.106" errors="0" timestamp="2022-11-14T23:59:33 IST" skipped="0">
  <testcase classname="Annotation.Before_Test_After_Test" name="VerifyVisibleText" time="0.106"/>
  <system-out/>
</testsuite> <!-- Annotation.Before_Test_After_Test -->
